[30-Apr-2019 10:45:53 UTC] PHP Fatal error:  Uncaught GuzzleHttp\Exception\ClientException: Client error: `POST http://exame2.test/auth` resulted in a `404 Not Found` response:
<!DOCTYPE HTML PUBLIC "-//IETF//DTD HTML 2.0//EN">
<html><head>
<title>404 Not Found</title>
</head><body>
<h1>Not Found (truncated...)
 in /var/www/exame2.test/vendor/guzzlehttp/guzzle/src/Exception/RequestException.php:113
Stack trace:
#0 /var/www/exame2.test/vendor/guzzlehttp/guzzle/src/Middleware.php(66): GuzzleHttp\Exception\RequestException::create(Object(GuzzleHttp\Psr7\Request), Object(GuzzleHttp\Psr7\Response))
#1 /var/www/exame2.test/vendor/guzzlehttp/promises/src/Promise.php(203): GuzzleHttp\Middleware::GuzzleHttp\{closure}(Object(GuzzleHttp\Psr7\Response))
#2 /var/www/exame2.test/vendor/guzzlehttp/promises/src/Promise.php(156): GuzzleHttp\Promise\Promise::callHandler(1, Object(GuzzleHttp\Psr7\Response), Array)
#3 /var/www/exame2.test/vendor/guzzlehttp/promises/src/TaskQueue.php(47): GuzzleHttp\Promise\Promise::GuzzleHttp\Promise\{closure}()
#4 /var/www/exame2.test/ven in /var/www/exame2.test/vendor/guzzlehttp/guzzle/src/Exception/RequestException.php on line 113
[30-Apr-2019 10:46:35 UTC] PHP Fatal error:  Uncaught GuzzleHttp\Exception\ClientException: Client error: `POST http://exame2.test/api/auth` resulted in a `404 Not Found` response:
<!DOCTYPE HTML PUBLIC "-//IETF//DTD HTML 2.0//EN">
<html><head>
<title>404 Not Found</title>
</head><body>
<h1>Not Found (truncated...)
 in /var/www/exame2.test/vendor/guzzlehttp/guzzle/src/Exception/RequestException.php:113
Stack trace:
#0 /var/www/exame2.test/vendor/guzzlehttp/guzzle/src/Middleware.php(66): GuzzleHttp\Exception\RequestException::create(Object(GuzzleHttp\Psr7\Request), Object(GuzzleHttp\Psr7\Response))
#1 /var/www/exame2.test/vendor/guzzlehttp/promises/src/Promise.php(203): GuzzleHttp\Middleware::GuzzleHttp\{closure}(Object(GuzzleHttp\Psr7\Response))
#2 /var/www/exame2.test/vendor/guzzlehttp/promises/src/Promise.php(156): GuzzleHttp\Promise\Promise::callHandler(1, Object(GuzzleHttp\Psr7\Response), Array)
#3 /var/www/exame2.test/vendor/guzzlehttp/promises/src/TaskQueue.php(47): GuzzleHttp\Promise\Promise::GuzzleHttp\Promise\{closure}()
#4 /var/www/exame2.test in /var/www/exame2.test/vendor/guzzlehttp/guzzle/src/Exception/RequestException.php on line 113
[30-Apr-2019 10:46:47 UTC] PHP Fatal error:  Uncaught GuzzleHttp\Exception\ClientException: Client error: `POST http://exame2.test/api/auth` resulted in a `404 Not Found` response:
<!DOCTYPE HTML PUBLIC "-//IETF//DTD HTML 2.0//EN">
<html><head>
<title>404 Not Found</title>
</head><body>
<h1>Not Found (truncated...)
 in /var/www/exame2.test/vendor/guzzlehttp/guzzle/src/Exception/RequestException.php:113
Stack trace:
#0 /var/www/exame2.test/vendor/guzzlehttp/guzzle/src/Middleware.php(66): GuzzleHttp\Exception\RequestException::create(Object(GuzzleHttp\Psr7\Request), Object(GuzzleHttp\Psr7\Response))
#1 /var/www/exame2.test/vendor/guzzlehttp/promises/src/Promise.php(203): GuzzleHttp\Middleware::GuzzleHttp\{closure}(Object(GuzzleHttp\Psr7\Response))
#2 /var/www/exame2.test/vendor/guzzlehttp/promises/src/Promise.php(156): GuzzleHttp\Promise\Promise::callHandler(1, Object(GuzzleHttp\Psr7\Response), Array)
#3 /var/www/exame2.test/vendor/guzzlehttp/promises/src/TaskQueue.php(47): GuzzleHttp\Promise\Promise::GuzzleHttp\Promise\{closure}()
#4 /var/www/exame2.test in /var/www/exame2.test/vendor/guzzlehttp/guzzle/src/Exception/RequestException.php on line 113
[30-Apr-2019 10:47:21 UTC] PHP Fatal error:  Uncaught GuzzleHttp\Exception\ClientException: Client error: `POST http://exame2.test/auth` resulted in a `404 Not Found` response:
<!DOCTYPE HTML PUBLIC "-//IETF//DTD HTML 2.0//EN">
<html><head>
<title>404 Not Found</title>
</head><body>
<h1>Not Found (truncated...)
 in /var/www/exame2.test/vendor/guzzlehttp/guzzle/src/Exception/RequestException.php:113
Stack trace:
#0 /var/www/exame2.test/vendor/guzzlehttp/guzzle/src/Middleware.php(66): GuzzleHttp\Exception\RequestException::create(Object(GuzzleHttp\Psr7\Request), Object(GuzzleHttp\Psr7\Response))
#1 /var/www/exame2.test/vendor/guzzlehttp/promises/src/Promise.php(203): GuzzleHttp\Middleware::GuzzleHttp\{closure}(Object(GuzzleHttp\Psr7\Response))
#2 /var/www/exame2.test/vendor/guzzlehttp/promises/src/Promise.php(156): GuzzleHttp\Promise\Promise::callHandler(1, Object(GuzzleHttp\Psr7\Response), Array)
#3 /var/www/exame2.test/vendor/guzzlehttp/promises/src/TaskQueue.php(47): GuzzleHttp\Promise\Promise::GuzzleHttp\Promise\{closure}()
#4 /var/www/exame2.test/ven in /var/www/exame2.test/vendor/guzzlehttp/guzzle/src/Exception/RequestException.php on line 113
[30-Apr-2019 10:50:33 UTC] PHP Fatal error:  Uncaught GuzzleHttp\Exception\ClientException: Client error: `POST http://exame2.test/register` resulted in a `404 Not Found` response:
<!DOCTYPE HTML PUBLIC "-//IETF//DTD HTML 2.0//EN">
<html><head>
<title>404 Not Found</title>
</head><body>
<h1>Not Found (truncated...)
 in /var/www/exame2.test/vendor/guzzlehttp/guzzle/src/Exception/RequestException.php:113
Stack trace:
#0 /var/www/exame2.test/vendor/guzzlehttp/guzzle/src/Middleware.php(66): GuzzleHttp\Exception\RequestException::create(Object(GuzzleHttp\Psr7\Request), Object(GuzzleHttp\Psr7\Response))
#1 /var/www/exame2.test/vendor/guzzlehttp/promises/src/Promise.php(203): GuzzleHttp\Middleware::GuzzleHttp\{closure}(Object(GuzzleHttp\Psr7\Response))
#2 /var/www/exame2.test/vendor/guzzlehttp/promises/src/Promise.php(156): GuzzleHttp\Promise\Promise::callHandler(1, Object(GuzzleHttp\Psr7\Response), Array)
#3 /var/www/exame2.test/vendor/guzzlehttp/promises/src/TaskQueue.php(47): GuzzleHttp\Promise\Promise::GuzzleHttp\Promise\{closure}()
#4 /var/www/exame2.test in /var/www/exame2.test/vendor/guzzlehttp/guzzle/src/Exception/RequestException.php on line 113
[30-Apr-2019 10:59:26 UTC] PHP Fatal error:  Uncaught GuzzleHttp\Exception\ClientException: Client error: `POST http://exame2.test/register` resulted in a `404 Not Found` response:
<!DOCTYPE HTML PUBLIC "-//IETF//DTD HTML 2.0//EN">
<html><head>
<title>404 Not Found</title>
</head><body>
<h1>Not Found (truncated...)
 in /var/www/exame2.test/vendor/guzzlehttp/guzzle/src/Exception/RequestException.php:113
Stack trace:
#0 /var/www/exame2.test/vendor/guzzlehttp/guzzle/src/Middleware.php(66): GuzzleHttp\Exception\RequestException::create(Object(GuzzleHttp\Psr7\Request), Object(GuzzleHttp\Psr7\Response))
#1 /var/www/exame2.test/vendor/guzzlehttp/promises/src/Promise.php(203): GuzzleHttp\Middleware::GuzzleHttp\{closure}(Object(GuzzleHttp\Psr7\Response))
#2 /var/www/exame2.test/vendor/guzzlehttp/promises/src/Promise.php(156): GuzzleHttp\Promise\Promise::callHandler(1, Object(GuzzleHttp\Psr7\Response), Array)
#3 /var/www/exame2.test/vendor/guzzlehttp/promises/src/TaskQueue.php(47): GuzzleHttp\Promise\Promise::GuzzleHttp\Promise\{closure}()
#4 /var/www/exame2.test in /var/www/exame2.test/vendor/guzzlehttp/guzzle/src/Exception/RequestException.php on line 113
[30-Apr-2019 10:59:38 UTC] PHP Fatal error:  Uncaught GuzzleHttp\Exception\ClientException: Client error: `POST http://exame2.test/register` resulted in a `404 Not Found` response:
<!DOCTYPE HTML PUBLIC "-//IETF//DTD HTML 2.0//EN">
<html><head>
<title>404 Not Found</title>
</head><body>
<h1>Not Found (truncated...)
 in /var/www/exame2.test/vendor/guzzlehttp/guzzle/src/Exception/RequestException.php:113
Stack trace:
#0 /var/www/exame2.test/vendor/guzzlehttp/guzzle/src/Middleware.php(66): GuzzleHttp\Exception\RequestException::create(Object(GuzzleHttp\Psr7\Request), Object(GuzzleHttp\Psr7\Response))
#1 /var/www/exame2.test/vendor/guzzlehttp/promises/src/Promise.php(203): GuzzleHttp\Middleware::GuzzleHttp\{closure}(Object(GuzzleHttp\Psr7\Response))
#2 /var/www/exame2.test/vendor/guzzlehttp/promises/src/Promise.php(156): GuzzleHttp\Promise\Promise::callHandler(1, Object(GuzzleHttp\Psr7\Response), Array)
#3 /var/www/exame2.test/vendor/guzzlehttp/promises/src/TaskQueue.php(47): GuzzleHttp\Promise\Promise::GuzzleHttp\Promise\{closure}()
#4 /var/www/exame2.test in /var/www/exame2.test/vendor/guzzlehttp/guzzle/src/Exception/RequestException.php on line 113
[30-Apr-2019 10:59:55 UTC] PHP Fatal error:  Uncaught GuzzleHttp\Exception\ClientException: Client error: `POST http://exame2.test/register` resulted in a `404 Not Found` response:
<!DOCTYPE HTML PUBLIC "-//IETF//DTD HTML 2.0//EN">
<html><head>
<title>404 Not Found</title>
</head><body>
<h1>Not Found (truncated...)
 in /var/www/exame2.test/vendor/guzzlehttp/guzzle/src/Exception/RequestException.php:113
Stack trace:
#0 /var/www/exame2.test/vendor/guzzlehttp/guzzle/src/Middleware.php(66): GuzzleHttp\Exception\RequestException::create(Object(GuzzleHttp\Psr7\Request), Object(GuzzleHttp\Psr7\Response))
#1 /var/www/exame2.test/vendor/guzzlehttp/promises/src/Promise.php(203): GuzzleHttp\Middleware::GuzzleHttp\{closure}(Object(GuzzleHttp\Psr7\Response))
#2 /var/www/exame2.test/vendor/guzzlehttp/promises/src/Promise.php(156): GuzzleHttp\Promise\Promise::callHandler(1, Object(GuzzleHttp\Psr7\Response), Array)
#3 /var/www/exame2.test/vendor/guzzlehttp/promises/src/TaskQueue.php(47): GuzzleHttp\Promise\Promise::GuzzleHttp\Promise\{closure}()
#4 /var/www/exame2.test in /var/www/exame2.test/vendor/guzzlehttp/guzzle/src/Exception/RequestException.php on line 113
[30-Apr-2019 11:58:07 UTC] PHP Warning:  require_once(ip_list.php): failed to open stream: No such file or directory in /var/www/exame2.test/vendor/boot.php on line 30
[30-Apr-2019 11:58:07 UTC] PHP Stack trace:
[30-Apr-2019 11:58:07 UTC] PHP   1. {main}() /var/www/exame2.test/vendor/callApi.php:0
[30-Apr-2019 11:58:07 UTC] PHP   2. require() /var/www/exame2.test/vendor/callApi.php:3
[30-Apr-2019 11:58:07 UTC] PHP Fatal error:  require_once(): Failed opening required 'ip_list.php' (include_path='.:/usr/share/php') in /var/www/exame2.test/vendor/boot.php on line 30
[30-Apr-2019 11:58:07 UTC] PHP Stack trace:
[30-Apr-2019 11:58:07 UTC] PHP   1. {main}() /var/www/exame2.test/vendor/callApi.php:0
[30-Apr-2019 11:58:07 UTC] PHP   2. require() /var/www/exame2.test/vendor/callApi.php:3
[30-Apr-2019 11:58:24 UTC] PHP Warning:  Use of undefined constant BLACKLIST_IPS - assumed 'BLACKLIST_IPS' (this will throw an Error in a future version of PHP) in /var/www/exame2.test/vendor/ip_lists.php on line 9
[30-Apr-2019 11:58:24 UTC] PHP Stack trace:
[30-Apr-2019 11:58:24 UTC] PHP   1. {main}() /var/www/exame2.test/vendor/callApi.php:0
[30-Apr-2019 11:58:24 UTC] PHP   2. require() /var/www/exame2.test/vendor/callApi.php:3
[30-Apr-2019 11:58:24 UTC] PHP   3. require_once() /var/www/exame2.test/vendor/boot.php:30
[30-Apr-2019 11:58:24 UTC] PHP Warning:  in_array() expects parameter 2 to be array, string given in /var/www/exame2.test/vendor/ip_lists.php on line 9
[30-Apr-2019 11:58:24 UTC] PHP Stack trace:
[30-Apr-2019 11:58:24 UTC] PHP   1. {main}() /var/www/exame2.test/vendor/callApi.php:0
[30-Apr-2019 11:58:24 UTC] PHP   2. require() /var/www/exame2.test/vendor/callApi.php:3
[30-Apr-2019 11:58:24 UTC] PHP   3. require_once() /var/www/exame2.test/vendor/boot.php:30
[30-Apr-2019 11:58:24 UTC] PHP   4. in_array() /var/www/exame2.test/vendor/ip_lists.php:9
[30-Apr-2019 11:58:24 UTC] PHP Notice:  Undefined variable: _SESSION in /var/www/exame2.test/vendor/ip_lists.php on line 21
[30-Apr-2019 11:58:24 UTC] PHP Stack trace:
[30-Apr-2019 11:58:24 UTC] PHP   1. {main}() /var/www/exame2.test/vendor/callApi.php:0
[30-Apr-2019 11:58:24 UTC] PHP   2. require() /var/www/exame2.test/vendor/callApi.php:3
[30-Apr-2019 11:58:24 UTC] PHP   3. require_once() /var/www/exame2.test/vendor/boot.php:30
[30-Apr-2019 11:58:24 UTC] PHP Notice:  Undefined index: number in /var/www/exame2.test/vendor/ip_lists.php on line 21
[30-Apr-2019 11:58:24 UTC] PHP Stack trace:
[30-Apr-2019 11:58:24 UTC] PHP   1. {main}() /var/www/exame2.test/vendor/callApi.php:0
[30-Apr-2019 11:58:24 UTC] PHP   2. require() /var/www/exame2.test/vendor/callApi.php:3
[30-Apr-2019 11:58:24 UTC] PHP   3. require_once() /var/www/exame2.test/vendor/boot.php:30
[30-Apr-2019 11:59:33 UTC] PHP Warning:  Use of undefined constant BLACKLIST_IPS - assumed 'BLACKLIST_IPS' (this will throw an Error in a future version of PHP) in /var/www/exame2.test/vendor/ip_lists.php on line 9
[30-Apr-2019 11:59:33 UTC] PHP Stack trace:
[30-Apr-2019 11:59:33 UTC] PHP   1. {main}() /var/www/exame2.test/vendor/callApi.php:0
[30-Apr-2019 11:59:33 UTC] PHP   2. require() /var/www/exame2.test/vendor/callApi.php:3
[30-Apr-2019 11:59:33 UTC] PHP   3. require_once() /var/www/exame2.test/vendor/boot.php:32
[30-Apr-2019 11:59:33 UTC] PHP Warning:  in_array() expects parameter 2 to be array, string given in /var/www/exame2.test/vendor/ip_lists.php on line 9
[30-Apr-2019 11:59:33 UTC] PHP Stack trace:
[30-Apr-2019 11:59:33 UTC] PHP   1. {main}() /var/www/exame2.test/vendor/callApi.php:0
[30-Apr-2019 11:59:33 UTC] PHP   2. require() /var/www/exame2.test/vendor/callApi.php:3
[30-Apr-2019 11:59:33 UTC] PHP   3. require_once() /var/www/exame2.test/vendor/boot.php:32
[30-Apr-2019 11:59:33 UTC] PHP   4. in_array() /var/www/exame2.test/vendor/ip_lists.php:9
[30-Apr-2019 11:59:33 UTC] PHP Notice:  Undefined index: number in /var/www/exame2.test/vendor/ip_lists.php on line 21
[30-Apr-2019 11:59:33 UTC] PHP Stack trace:
[30-Apr-2019 11:59:33 UTC] PHP   1. {main}() /var/www/exame2.test/vendor/callApi.php:0
[30-Apr-2019 11:59:33 UTC] PHP   2. require() /var/www/exame2.test/vendor/callApi.php:3
[30-Apr-2019 11:59:33 UTC] PHP   3. require_once() /var/www/exame2.test/vendor/boot.php:32
[30-Apr-2019 12:30:55 UTC] PHP Warning:  Use of undefined constant BLACKLIST_IPS - assumed 'BLACKLIST_IPS' (this will throw an Error in a future version of PHP) in /var/www/exame2.test/vendor/ip_lists.php on line 9
[30-Apr-2019 12:30:56 UTC] PHP Stack trace:
[30-Apr-2019 12:30:56 UTC] PHP   1. {main}() /var/www/exame2.test/vendor/callApi.php:0
[30-Apr-2019 12:30:56 UTC] PHP   2. require() /var/www/exame2.test/vendor/callApi.php:3
[30-Apr-2019 12:30:56 UTC] PHP   3. require_once() /var/www/exame2.test/vendor/boot.php:32
[30-Apr-2019 12:30:56 UTC] PHP Warning:  in_array() expects parameter 2 to be array, string given in /var/www/exame2.test/vendor/ip_lists.php on line 9
[30-Apr-2019 12:30:56 UTC] PHP Stack trace:
[30-Apr-2019 12:30:56 UTC] PHP   1. {main}() /var/www/exame2.test/vendor/callApi.php:0
[30-Apr-2019 12:30:56 UTC] PHP   2. require() /var/www/exame2.test/vendor/callApi.php:3
[30-Apr-2019 12:30:56 UTC] PHP   3. require_once() /var/www/exame2.test/vendor/boot.php:32
[30-Apr-2019 12:30:56 UTC] PHP   4. in_array() /var/www/exame2.test/vendor/ip_lists.php:9
[30-Apr-2019 12:30:56 UTC] PHP Notice:  Undefined index: number in /var/www/exame2.test/vendor/ip_lists.php on line 21
[30-Apr-2019 12:30:56 UTC] PHP Stack trace:
[30-Apr-2019 12:30:56 UTC] PHP   1. {main}() /var/www/exame2.test/vendor/callApi.php:0
[30-Apr-2019 12:30:56 UTC] PHP   2. require() /var/www/exame2.test/vendor/callApi.php:3
[30-Apr-2019 12:30:56 UTC] PHP   3. require_once() /var/www/exame2.test/vendor/boot.php:32
[30-Apr-2019 12:32:26 UTC] PHP Warning:  Use of undefined constant BLACKLIST_IPS - assumed 'BLACKLIST_IPS' (this will throw an Error in a future version of PHP) in /var/www/exame2.test/vendor/ip_lists.php on line 9
[30-Apr-2019 12:32:26 UTC] PHP Stack trace:
[30-Apr-2019 12:32:26 UTC] PHP   1. {main}() /var/www/exame2.test/vendor/callApi.php:0
[30-Apr-2019 12:32:26 UTC] PHP   2. require() /var/www/exame2.test/vendor/callApi.php:3
[30-Apr-2019 12:32:26 UTC] PHP   3. require_once() /var/www/exame2.test/vendor/boot.php:32
[30-Apr-2019 12:32:26 UTC] PHP Warning:  in_array() expects parameter 2 to be array, string given in /var/www/exame2.test/vendor/ip_lists.php on line 9
[30-Apr-2019 12:32:26 UTC] PHP Stack trace:
[30-Apr-2019 12:32:26 UTC] PHP   1. {main}() /var/www/exame2.test/vendor/callApi.php:0
[30-Apr-2019 12:32:26 UTC] PHP   2. require() /var/www/exame2.test/vendor/callApi.php:3
[30-Apr-2019 12:32:26 UTC] PHP   3. require_once() /var/www/exame2.test/vendor/boot.php:32
[30-Apr-2019 12:32:26 UTC] PHP   4. in_array() /var/www/exame2.test/vendor/ip_lists.php:9
[30-Apr-2019 12:32:26 UTC] PHP Notice:  Undefined index: number in /var/www/exame2.test/vendor/ip_lists.php on line 21
[30-Apr-2019 12:32:26 UTC] PHP Stack trace:
[30-Apr-2019 12:32:26 UTC] PHP   1. {main}() /var/www/exame2.test/vendor/callApi.php:0
[30-Apr-2019 12:32:26 UTC] PHP   2. require() /var/www/exame2.test/vendor/callApi.php:3
[30-Apr-2019 12:32:26 UTC] PHP   3. require_once() /var/www/exame2.test/vendor/boot.php:32
[30-Apr-2019 12:32:50 UTC] PHP Warning:  Use of undefined constant BLACKLIST_IPS - assumed 'BLACKLIST_IPS' (this will throw an Error in a future version of PHP) in /var/www/exame2.test/vendor/ip_lists.php on line 9
[30-Apr-2019 12:32:50 UTC] PHP Stack trace:
[30-Apr-2019 12:32:50 UTC] PHP   1. {main}() /var/www/exame2.test/vendor/callApi.php:0
[30-Apr-2019 12:32:50 UTC] PHP   2. require() /var/www/exame2.test/vendor/callApi.php:3
[30-Apr-2019 12:32:50 UTC] PHP   3. require_once() /var/www/exame2.test/vendor/boot.php:34
[30-Apr-2019 12:32:50 UTC] PHP Warning:  in_array() expects parameter 2 to be array, string given in /var/www/exame2.test/vendor/ip_lists.php on line 9
[30-Apr-2019 12:32:50 UTC] PHP Stack trace:
[30-Apr-2019 12:32:50 UTC] PHP   1. {main}() /var/www/exame2.test/vendor/callApi.php:0
[30-Apr-2019 12:32:50 UTC] PHP   2. require() /var/www/exame2.test/vendor/callApi.php:3
[30-Apr-2019 12:32:50 UTC] PHP   3. require_once() /var/www/exame2.test/vendor/boot.php:34
[30-Apr-2019 12:32:50 UTC] PHP   4. in_array() /var/www/exame2.test/vendor/ip_lists.php:9
